<?xml version="1.0" encoding="UTF-8"?>
<!-- Generated by org.testng.reporters.JUnitXMLReporter -->
<testsuite ignored="0" hostname="LAPTOP-24FVGN96" failures="1" tests="2" name="Test1" time="25.299" errors="0" timestamp="2023-11-10T10:54:14 IST">
  <testcase classname="TestNgExecution.TC_2" name="navigatingToMyntra" time="19.289"/>
  <testcase classname="TestNgExecution.TC_1" name="navigatingToFlipkart" time="5.951">
    <failure type="java.lang.AssertionError">
      <![CDATA[java.lang.AssertionError
at org.junit.Assert.fail(Assert.java:86)
at org.junit.Assert.assertTrue(Assert.java:41)
at org.junit.Assert.assertTrue(Assert.java:52)
at TestNgExecution.TC_1.navigatingToFlipkart(TC_1.java:22)
at java.base/java.util.ArrayList.forEach(ArrayList.java:1511)
at java.base/java.util.concurrent.FutureTask.run(FutureTask.java:264)
at java.base/java.util.concurrent.ThreadPoolExecutor.runWorker(ThreadPoolExecutor.java:1136)
at java.base/java.util.concurrent.ThreadPoolExecutor$Worker.run(ThreadPoolExecutor.java:635)
at java.base/java.lang.Thread.run(Thread.java:833)
... Removed 18 stack frames]]>
    </failure>
  </testcase> <!-- navigatingToFlipkart -->
</testsuite> <!-- Test1 -->
